<?xml version="1.0" encoding="UTF-8"?>
<!-- Generated by org.testng.reporters.JUnitReportReporter -->
<testsuite hostname="testvm" failures="0" tests="1" name="webapp.testcases.location" time="14.697" errors="0" timestamp="20 May 2019 12:11:37 GMT" skipped="0">
  <testcase classname="webapp.testcases.location" name="verifyvalidlocation" time="14.697"/>
</testsuite> <!-- webapp.testcases.location -->
