<?xml version="1.0" encoding="UTF-8"?>
<!-- Generated by org.testng.reporters.JUnitReportReporter -->
<testsuite hostname="testvm" failures="0" tests="1" name="webapp.testcases.location" time="19.442" errors="0" timestamp="20 May 2019 10:36:24 GMT" skipped="0">
  <testcase classname="webapp.testcases.location" name="verifyvalidlocation" time="19.442"/>
</testsuite> <!-- webapp.testcases.location -->
